<?xml version="1.0" encoding="UTF-8"?>
<!-- Generated by org.testng.reporters.JUnitReportReporter -->
<testsuite hostname="Harsh" failures="0" tests="1" name="BeforeAndAfterSuiteTestAnnotations.SuiteTest3" time="0.002" errors="0" timestamp="2024-07-21T20:42:19 IST" skipped="0">
  <testcase classname="BeforeAndAfterSuiteTestAnnotations.SuiteTest3" name="LinkValidation" time="0.002"/>
</testsuite> <!-- BeforeAndAfterSuiteTestAnnotations.SuiteTest3 -->
