<?xml version="1.0" encoding="UTF-8"?>
<!-- Generated by org.testng.reporters.JUnitReportReporter -->
<testsuite hostname="Harsh" failures="0" tests="1" name="SuiteAndTestAnnotations.BeforeAndAfterTestAnnotationTest1" time="0.002" errors="0" timestamp="2024-07-21T20:30:45 IST" skipped="0">
  <testcase classname="SuiteAndTestAnnotations.BeforeAndAfterTestAnnotationTest1" name="Test1" time="0.002"/>
</testsuite> <!-- SuiteAndTestAnnotations.BeforeAndAfterTestAnnotationTest1 -->
