<?xml version="1.0" encoding="UTF-8"?>
<!-- Generated by org.testng.reporters.JUnitReportReporter -->
<testsuite hostname="Harsh" failures="0" tests="3" name="TestNG_ParallelTestingUsingXML.ParallelTestingUsingXML" time="11.190" errors="0" timestamp="2024-07-26T19:51:06 IST" skipped="0">
  <testcase classname="TestNG_ParallelTestingUsingXML.ParallelTestingUsingXML" name="logintest" time="2.841"/>
  <testcase classname="TestNG_ParallelTestingUsingXML.ParallelTestingUsingXML" name="logintest" time="3.948"/>
  <testcase classname="TestNG_ParallelTestingUsingXML.ParallelTestingUsingXML" name="logintest" time="4.401"/>
</testsuite> <!-- TestNG_ParallelTestingUsingXML.ParallelTestingUsingXML -->
