<?xml version="1.0" encoding="UTF-8"?>
<!-- Generated by org.testng.reporters.JUnitReportReporter -->
<testsuite hostname="Harsh" failures="0" tests="4" name="SeleniumWithTestNG.LoginAppUsingTestNG" time="18.842" errors="0" timestamp="2024-07-19T13:03:14 IST" skipped="0">
  <testcase classname="SeleniumWithTestNG.LoginAppUsingTestNG" name="OpenApp" time="10.596"/>
  <testcase classname="SeleniumWithTestNG.LoginAppUsingTestNG" name="LogininApp" time="5.256"/>
  <testcase classname="SeleniumWithTestNG.LoginAppUsingTestNG" name="HomePageTitleValidation" time="2.291"/>
  <testcase classname="SeleniumWithTestNG.LoginAppUsingTestNG" name="LogOutfromApp" time="0.699"/>
</testsuite> <!-- SeleniumWithTestNG.LoginAppUsingTestNG -->
