<?xml version="1.0" encoding="UTF-8"?>
<!-- Generated by org.testng.reporters.JUnitReportReporter -->
<testsuite hostname="Harsh" failures="0" tests="6" name="AllTestAnnotations.AllTestAnnotationsTesing" time="0.026" errors="0" timestamp="2024-07-21T21:02:48 IST" skipped="0">
  <testcase classname="AllTestAnnotations.AllTestAnnotationsTesing" name="Test1" time="0.010"/>
  <testcase classname="AllTestAnnotations.AllTestAnnotationsTesing" name="Test2" time="0.003"/>
  <testcase classname="AllTestAnnotations.AllTestAnnotationsTesing" name="SearchInApp" time="0.003"/>
  <testcase classname="AllTestAnnotations.AllTestAnnotationsTesing" name="OpenLinkInApp" time="0.003"/>
  <testcase classname="AllTestAnnotations.AllTestAnnotationsTesing" name="SearchInApp2" time="0.003"/>
  <testcase classname="AllTestAnnotations.AllTestAnnotationsTesing" name="OpenLinkInApp2" time="0.004"/>
</testsuite> <!-- AllTestAnnotations.AllTestAnnotationsTesing -->
