<?xml version="1.0" encoding="UTF-8"?>
<!-- Generated by org.testng.reporters.JUnitReportReporter -->
<testsuite hostname="Harsh" failures="0" tests="1" name="SuiteAndTestAnnotations.BeforeAndAfterTestAnnotationTest2" time="0.009" errors="0" timestamp="2024-07-21T20:30:45 IST" skipped="0">
  <testcase classname="SuiteAndTestAnnotations.BeforeAndAfterTestAnnotationTest2" name="Test1" time="0.009"/>
</testsuite> <!-- SuiteAndTestAnnotations.BeforeAndAfterTestAnnotationTest2 -->
