<?xml version="1.0" encoding="UTF-8"?>
<!-- Generated by org.testng.reporters.JUnitReportReporter -->
<testsuite hostname="Harsh" failures="0" tests="2" name="TestAnnotationsTestting.BeforeAndAfterClassAnnotations" time="0.016" errors="0" timestamp="2024-07-21T19:20:47 IST" skipped="0">
  <testcase classname="TestAnnotationsTestting.BeforeAndAfterClassAnnotations" name="SearchInApp" time="0.004"/>
  <testcase classname="TestAnnotationsTestting.BeforeAndAfterClassAnnotations" name="OpenLinkInApp" time="0.012"/>
</testsuite> <!-- TestAnnotationsTestting.BeforeAndAfterClassAnnotations -->
