<?xml version="1.0" encoding="UTF-8"?>
<!-- Generated by org.testng.reporters.JUnitReportReporter -->
<testsuite hostname="Harsh" failures="0" tests="3" name="TestNG_GroupingAnnotationTesting.SanityGroupTesting" time="0.030" errors="0" timestamp="2024-07-22T13:19:05 IST" skipped="0">
  <testcase classname="TestNG_GroupingAnnotationTesting.SanityGroupTesting" name="OpenFacebookApp" time="0.021"/>
  <testcase classname="TestNG_GroupingAnnotationTesting.SanityGroupTesting" name="OpenGoogleApp" time="0.004"/>
  <testcase classname="TestNG_GroupingAnnotationTesting.SanityGroupTesting" name="OpenMicroSoftApp" time="0.005"/>
</testsuite> <!-- TestNG_GroupingAnnotationTesting.SanityGroupTesting -->
