<?xml version="1.0" encoding="UTF-8"?>
<!-- Generated by org.testng.reporters.JUnitReportReporter -->
<testsuite hostname="Harsh" failures="0" tests="2" name="TestAnnotationsTestting.BeforeAndAfterMethodAnnotations" time="0.051" errors="0" timestamp="2024-07-21T19:18:19 IST" skipped="0">
  <testcase classname="TestAnnotationsTestting.BeforeAndAfterMethodAnnotations" name="OpenLinkInApp" time="0.016"/>
  <testcase classname="TestAnnotationsTestting.BeforeAndAfterMethodAnnotations" name="SearchInApp" time="0.035"/>
</testsuite> <!-- TestAnnotationsTestting.BeforeAndAfterMethodAnnotations -->
