<?xml version="1.0" encoding="UTF-8"?>
<!-- Generated by org.testng.reporters.JUnitReportReporter -->
<testsuite hostname="Harsh" failures="0" tests="6" name="TestNG_AllTestAnnotationsTesting.AllTestAnnotationsTesing" time="0.000" errors="0" timestamp="2024-07-27T20:22:20 IST" skipped="0">
  <testcase classname="TestNG_AllTestAnnotationsTesting.AllTestAnnotationsTesing" name="Test1" time="0.000"/>
  <testcase classname="TestNG_AllTestAnnotationsTesting.AllTestAnnotationsTesing" name="Test2" time="0.000"/>
  <testcase classname="TestNG_AllTestAnnotationsTesting.AllTestAnnotationsTesing" name="SearchInApp" time="0.000"/>
  <testcase classname="TestNG_AllTestAnnotationsTesting.AllTestAnnotationsTesing" name="OpenLinkInApp" time="0.000"/>
  <testcase classname="TestNG_AllTestAnnotationsTesting.AllTestAnnotationsTesing" name="SearchInApp2" time="0.000"/>
  <testcase classname="TestNG_AllTestAnnotationsTesting.AllTestAnnotationsTesing" name="OpenLinkInApp2" time="0.000"/>
</testsuite> <!-- TestNG_AllTestAnnotationsTesting.AllTestAnnotationsTesing -->
