<?xml version="1.0" encoding="UTF-8"?>
<!-- Generated by org.testng.reporters.JUnitReportReporter -->
<testsuite hostname="Harsh" failures="0" tests="4" name="TestNG_SeleniumTesting.LoginAppUsingTestNG" time="4.995" errors="0" timestamp="2024-07-27T20:22:20 IST" skipped="0">
  <testcase classname="TestNG_SeleniumTesting.LoginAppUsingTestNG" name="OpenApp" time="2.725"/>
  <testcase classname="TestNG_SeleniumTesting.LoginAppUsingTestNG" name="LogininApp" time="2.120"/>
  <testcase classname="TestNG_SeleniumTesting.LoginAppUsingTestNG" name="HomePageTitleValidation" time="0.014"/>
  <testcase classname="TestNG_SeleniumTesting.LoginAppUsingTestNG" name="LogOutfromApp" time="0.136"/>
</testsuite> <!-- TestNG_SeleniumTesting.LoginAppUsingTestNG -->
