<?xml version="1.0" encoding="UTF-8"?>
<!-- Generated by org.testng.reporters.JUnitReportReporter -->
<testsuite hostname="Harsh" failures="0" tests="2" name="TestNG_ClassAndMethodAnnotationsTesting.BeforeAndAfterClassAnnotations" time="0.000" errors="0" timestamp="2024-07-27T20:22:20 IST" skipped="0">
  <testcase classname="TestNG_ClassAndMethodAnnotationsTesting.BeforeAndAfterClassAnnotations" name="OpenLinkInApp" time="0.000"/>
  <testcase classname="TestNG_ClassAndMethodAnnotationsTesting.BeforeAndAfterClassAnnotations" name="SearchInApp" time="0.000"/>
</testsuite> <!-- TestNG_ClassAndMethodAnnotationsTesting.BeforeAndAfterClassAnnotations -->
