<?xml version="1.0" encoding="UTF-8"?>
<!-- Generated by org.testng.reporters.JUnitReportReporter -->
<testsuite hostname="Harsh" failures="0" tests="1" name="TestNG_ParallelTestingUsingXML.ParallelTestingUsingXML" time="3.800" errors="0" timestamp="2024-07-27T20:22:20 IST" skipped="0">
  <testcase classname="TestNG_ParallelTestingUsingXML.ParallelTestingUsingXML" name="logintest" time="3.800"/>
</testsuite> <!-- TestNG_ParallelTestingUsingXML.ParallelTestingUsingXML -->
