<?xml version="1.0" encoding="UTF-8"?>
<!-- Generated by org.testng.reporters.JUnitReportReporter -->
<testsuite hostname="Harsh" failures="0" tests="1" name="TestNG_BeforeAndAfterSuiteTestAnnotationsTesting.SuiteTest3" time="0.000" errors="0" timestamp="2024-07-27T20:22:20 IST" skipped="0">
  <testcase classname="TestNG_BeforeAndAfterSuiteTestAnnotationsTesting.SuiteTest3" name="LinkValidation" time="0.000"/>
</testsuite> <!-- TestNG_BeforeAndAfterSuiteTestAnnotationsTesting.SuiteTest3 -->
