<?xml version="1.0" encoding="UTF-8"?>
<!-- Generated by org.testng.reporters.JUnitReportReporter -->
<testsuite hostname="Harsh" failures="0" tests="2" name="TestNG_ClassAndMethodAnnotationsTesting.BeforeAndAfterMethodAnnotations" time="0.002" errors="0" timestamp="2024-07-27T20:22:20 IST" skipped="0">
  <testcase classname="TestNG_ClassAndMethodAnnotationsTesting.BeforeAndAfterMethodAnnotations" name="OpenLinkInApp" time="0.002"/>
  <testcase classname="TestNG_ClassAndMethodAnnotationsTesting.BeforeAndAfterMethodAnnotations" name="SearchInApp" time="0.000"/>
</testsuite> <!-- TestNG_ClassAndMethodAnnotationsTesting.BeforeAndAfterMethodAnnotations -->
